Determining if the pthread_create exist failed with the following output:
Change Dir: /mnt/d/ubuntu_workplace/mqttclient/cmake-build-debug/CMakeFiles/CMakeTmp

Run Build Command:"/usr/bin/make" "cmTC_53e54/fast"
/usr/bin/make -f CMakeFiles/cmTC_53e54.dir/build.make CMakeFiles/cmTC_53e54.dir/build
make[1]: Entering directory '/mnt/d/ubuntu_workplace/mqttclient/cmake-build-debug/CMakeFiles/CMakeTmp'
Building C object CMakeFiles/cmTC_53e54.dir/CheckSymbolExists.c.o
/usr/bin/cc   -fms-extensions    -o CMakeFiles/cmTC_53e54.dir/CheckSymbolExists.c.o   -c /mnt/d/ubuntu_workplace/mqttclient/cmake-build-debug/CMakeFiles/CMakeTmp/CheckSymbolExists.c
Linking C executable cmTC_53e54
/usr/bin/cmake -E cmake_link_script CMakeFiles/cmTC_53e54.dir/link.txt --verbose=1
/usr/bin/cc -fms-extensions     -rdynamic CMakeFiles/cmTC_53e54.dir/CheckSymbolExists.c.o  -o cmTC_53e54 
CMakeFiles/cmTC_53e54.dir/CheckSymbolExists.c.o: In function `main':
CheckSymbolExists.c:(.text+0x1b): undefined reference to `pthread_create'
collect2: error: ld returned 1 exit status
CMakeFiles/cmTC_53e54.dir/build.make:97: recipe for target 'cmTC_53e54' failed
make[1]: *** [cmTC_53e54] Error 1
make[1]: Leaving directory '/mnt/d/ubuntu_workplace/mqttclient/cmake-build-debug/CMakeFiles/CMakeTmp'
Makefile:126: recipe for target 'cmTC_53e54/fast' failed
make: *** [cmTC_53e54/fast] Error 2

File /mnt/d/ubuntu_workplace/mqttclient/cmake-build-debug/CMakeFiles/CMakeTmp/CheckSymbolExists.c:
/* */
#include <pthread.h>

int main(int argc, char** argv)
{
  (void)argv;
#ifndef pthread_create
  return ((int*)(&pthread_create))[argc];
#else
  (void)argc;
  return 0;
#endif
}

Determining if the function pthread_create exists in the pthreads failed with the following output:
Change Dir: /mnt/d/ubuntu_workplace/mqttclient/cmake-build-debug/CMakeFiles/CMakeTmp

Run Build Command:"/usr/bin/make" "cmTC_c0bef/fast"
/usr/bin/make -f CMakeFiles/cmTC_c0bef.dir/build.make CMakeFiles/cmTC_c0bef.dir/build
make[1]: Entering directory '/mnt/d/ubuntu_workplace/mqttclient/cmake-build-debug/CMakeFiles/CMakeTmp'
Building C object CMakeFiles/cmTC_c0bef.dir/CheckFunctionExists.c.o
/usr/bin/cc   -fms-extensions -DCHECK_FUNCTION_EXISTS=pthread_create   -o CMakeFiles/cmTC_c0bef.dir/CheckFunctionExists.c.o   -c /usr/share/cmake-3.10/Modules/CheckFunctionExists.c
Linking C executable cmTC_c0bef
/usr/bin/cmake -E cmake_link_script CMakeFiles/cmTC_c0bef.dir/link.txt --verbose=1
/usr/bin/cc -fms-extensions -DCHECK_FUNCTION_EXISTS=pthread_create    -rdynamic CMakeFiles/cmTC_c0bef.dir/CheckFunctionExists.c.o  -o cmTC_c0bef -lpthreads 
/usr/bin/ld: cannot find -lpthreads
collect2: error: ld returned 1 exit status
CMakeFiles/cmTC_c0bef.dir/build.make:97: recipe for target 'cmTC_c0bef' failed
make[1]: *** [cmTC_c0bef] Error 1
make[1]: Leaving directory '/mnt/d/ubuntu_workplace/mqttclient/cmake-build-debug/CMakeFiles/CMakeTmp'
Makefile:126: recipe for target 'cmTC_c0bef/fast' failed
make: *** [cmTC_c0bef/fast] Error 2


